{"/Users/antonsteininger/Workspaces/educha/src/components/ui/Button.jsx": {"path":"/Users/antonsteininger/Workspaces/educha/src/components/ui/Button.jsx","statementMap":{"0":{"start":{"line":3,"column":15},"end":{"line":32,"column":null}},"1":{"start":{"line":10,"column":21},"end":{"line":10,"column":null}},"2":{"start":{"line":12,"column":19},"end":{"line":16,"column":null}},"3":{"start":{"line":18,"column":16},"end":{"line":22,"column":null}},"4":{"start":{"line":24,"column":2},"end":{"line":30,"column":null}}},"fnMap":{"0":{"name":"(anonymous_0)","decl":{"start":{"line":3,"column":15},"end":{"line":3,"column":16}},"loc":{"start":{"line":9,"column":6},"end":{"line":32,"column":null}},"line":9}},"branchMap":{"0":{"loc":{"start":{"line":5,"column":2},"end":{"line":5,"column":null}},"type":"default-arg","locations":[{"start":{"line":5,"column":12},"end":{"line":5,"column":null}}],"line":5},"1":{"loc":{"start":{"line":6,"column":2},"end":{"line":6,"column":null}},"type":"default-arg","locations":[{"start":{"line":6,"column":9},"end":{"line":6,"column":null}}],"line":6},"2":{"loc":{"start":{"line":7,"column":2},"end":{"line":7,"column":null}},"type":"default-arg","locations":[{"start":{"line":7,"column":14},"end":{"line":7,"column":null}}],"line":7}},"s":{"0":1,"1":15,"2":15,"3":15,"4":15},"f":{"0":15},"b":{"0":[15],"1":[15],"2":[15]},"meta":{"lastBranch":3,"lastFunction":1,"lastStatement":5,"seen":{"s:3:15:32:Infinity":0,"f:3:15:3:16":0,"b:5:12:5:Infinity":0,"b:6:9:6:Infinity":1,"b:7:14:7:Infinity":2,"s:10:21:10:Infinity":1,"s:12:19:16:Infinity":2,"s:18:16:22:Infinity":3,"s:24:2:30:Infinity":4}}}
,"/Users/antonsteininger/Workspaces/educha/src/components/ui/Card.jsx": {"path":"/Users/antonsteininger/Workspaces/educha/src/components/ui/Card.jsx","statementMap":{"0":{"start":{"line":3,"column":13},"end":{"line":11,"column":null}},"1":{"start":{"line":4,"column":22},"end":{"line":4,"column":null}},"2":{"start":{"line":6,"column":2},"end":{"line":9,"column":null}}},"fnMap":{"0":{"name":"(anonymous_0)","decl":{"start":{"line":3,"column":13},"end":{"line":3,"column":14}},"loc":{"start":{"line":3,"column":61},"end":{"line":11,"column":null}},"line":3}},"branchMap":{"0":{"loc":{"start":{"line":3,"column":26},"end":{"line":3,"column":42}},"type":"default-arg","locations":[{"start":{"line":3,"column":38},"end":{"line":3,"column":42}}],"line":3},"1":{"loc":{"start":{"line":3,"column":42},"end":{"line":3,"column":55}},"type":"default-arg","locations":[{"start":{"line":3,"column":50},"end":{"line":3,"column":55}}],"line":3},"2":{"loc":{"start":{"line":4,"column":22},"end":{"line":4,"column":null}},"type":"cond-expr","locations":[{"start":{"line":4,"column":30},"end":{"line":4,"column":71}},{"start":{"line":4,"column":71},"end":{"line":4,"column":null}}],"line":4}},"s":{"0":1,"1":14,"2":14},"f":{"0":14},"b":{"0":[14],"1":[14],"2":[12,2]},"meta":{"lastBranch":3,"lastFunction":1,"lastStatement":3,"seen":{"s:3:13:11:Infinity":0,"f:3:13:3:14":0,"b:3:38:3:42":0,"b:3:50:3:55":1,"s:4:22:4:Infinity":1,"b:4:30:4:71:4:71:4:Infinity":2,"s:6:2:9:Infinity":2}}}
,"/Users/antonsteininger/Workspaces/educha/src/context/AuthContext.jsx": {"path":"/Users/antonsteininger/Workspaces/educha/src/context/AuthContext.jsx","statementMap":{"0":{"start":{"line":3,"column":6},"end":{"line":3,"column":null}},"1":{"start":{"line":5,"column":23},"end":{"line":11,"column":null}},"2":{"start":{"line":6,"column":8},"end":{"line":6,"column":null}},"3":{"start":{"line":7,"column":2},"end":{"line":9,"column":null}},"4":{"start":{"line":8,"column":4},"end":{"line":8,"column":null}},"5":{"start":{"line":10,"column":2},"end":{"line":10,"column":null}},"6":{"start":{"line":13,"column":28},"end":{"line":49,"column":null}},"7":{"start":{"line":14,"column":22},"end":{"line":14,"column":null}},"8":{"start":{"line":16,"column":16},"end":{"line":29,"column":null}},"9":{"start":{"line":18,"column":4},"end":{"line":27,"column":null}},"10":{"start":{"line":19,"column":23},"end":{"line":23,"column":null}},"11":{"start":{"line":24,"column":6},"end":{"line":24,"column":null}},"12":{"start":{"line":25,"column":6},"end":{"line":25,"column":null}},"13":{"start":{"line":26,"column":6},"end":{"line":26,"column":null}},"14":{"start":{"line":28,"column":4},"end":{"line":28,"column":null}},"15":{"start":{"line":31,"column":17},"end":{"line":34,"column":null}},"16":{"start":{"line":32,"column":4},"end":{"line":32,"column":null}},"17":{"start":{"line":33,"column":4},"end":{"line":33,"column":null}},"18":{"start":{"line":37,"column":2},"end":{"line":42,"column":null}},"19":{"start":{"line":38,"column":23},"end":{"line":38,"column":null}},"20":{"start":{"line":39,"column":4},"end":{"line":41,"column":null}},"21":{"start":{"line":40,"column":6},"end":{"line":40,"column":null}},"22":{"start":{"line":44,"column":2},"end":{"line":47,"column":null}}},"fnMap":{"0":{"name":"(anonymous_0)","decl":{"start":{"line":5,"column":23},"end":{"line":5,"column":29}},"loc":{"start":{"line":5,"column":29},"end":{"line":11,"column":null}},"line":5},"1":{"name":"(anonymous_1)","decl":{"start":{"line":13,"column":28},"end":{"line":13,"column":29}},"loc":{"start":{"line":13,"column":46},"end":{"line":49,"column":null}},"line":13},"2":{"name":"(anonymous_2)","decl":{"start":{"line":16,"column":16},"end":{"line":16,"column":17}},"loc":{"start":{"line":16,"column":37},"end":{"line":29,"column":null}},"line":16},"3":{"name":"(anonymous_3)","decl":{"start":{"line":31,"column":17},"end":{"line":31,"column":23}},"loc":{"start":{"line":31,"column":23},"end":{"line":34,"column":null}},"line":31},"4":{"name":"(anonymous_4)","decl":{"start":{"line":37,"column":18},"end":{"line":37,"column":24}},"loc":{"start":{"line":37,"column":24},"end":{"line":42,"column":5}},"line":37}},"branchMap":{"0":{"loc":{"start":{"line":7,"column":2},"end":{"line":9,"column":null}},"type":"if","locations":[{"start":{"line":7,"column":2},"end":{"line":9,"column":null}},{"start":{},"end":{}}],"line":7},"1":{"loc":{"start":{"line":18,"column":4},"end":{"line":27,"column":null}},"type":"if","locations":[{"start":{"line":18,"column":4},"end":{"line":27,"column":null}},{"start":{},"end":{}}],"line":18},"2":{"loc":{"start":{"line":18,"column":8},"end":{"line":18,"column":69}},"type":"binary-expr","locations":[{"start":{"line":18,"column":8},"end":{"line":18,"column":42}},{"start":{"line":18,"column":42},"end":{"line":18,"column":69}}],"line":18},"3":{"loc":{"start":{"line":39,"column":4},"end":{"line":41,"column":null}},"type":"if","locations":[{"start":{"line":39,"column":4},"end":{"line":41,"column":null}},{"start":{},"end":{}}],"line":39}},"s":{"0":1,"1":1,"2":23,"3":23,"4":2,"5":20,"6":1,"7":22,"8":22,"9":7,"10":5,"11":5,"12":5,"13":5,"14":2,"15":22,"16":2,"17":2,"18":22,"19":13,"20":13,"21":2,"22":22},"f":{"0":23,"1":22,"2":7,"3":2,"4":13},"b":{"0":[2,21],"1":[5,2],"2":[7,5],"3":[2,11]},"meta":{"lastBranch":4,"lastFunction":5,"lastStatement":23,"seen":{"s:3:6:3:Infinity":0,"s:5:23:11:Infinity":1,"f:5:23:5:29":0,"s:6:8:6:Infinity":2,"b:7:2:9:Infinity:undefined:undefined:undefined:undefined":0,"s:7:2:9:Infinity":3,"s:8:4:8:Infinity":4,"s:10:2:10:Infinity":5,"s:13:28:49:Infinity":6,"f:13:28:13:29":1,"s:14:22:14:Infinity":7,"s:16:16:29:Infinity":8,"f:16:16:16:17":2,"b:18:4:27:Infinity:undefined:undefined:undefined:undefined":1,"s:18:4:27:Infinity":9,"b:18:8:18:42:18:42:18:69":2,"s:19:23:23:Infinity":10,"s:24:6:24:Infinity":11,"s:25:6:25:Infinity":12,"s:26:6:26:Infinity":13,"s:28:4:28:Infinity":14,"s:31:17:34:Infinity":15,"f:31:17:31:23":3,"s:32:4:32:Infinity":16,"s:33:4:33:Infinity":17,"s:37:2:42:Infinity":18,"f:37:18:37:24":4,"s:38:23:38:Infinity":19,"b:39:4:41:Infinity:undefined:undefined:undefined:undefined":3,"s:39:4:41:Infinity":20,"s:40:6:40:Infinity":21,"s:44:2:47:Infinity":22}}}
}
